<?xml version="1.0" encoding="UTF-8"?>
<testng-results ignored="0" total="1" passed="1" failed="0" skipped="0">
  <reporter-output>
  </reporter-output>
  <suite started-at="2025-03-21T21:25:10 IST" name="Default suite" finished-at="2025-03-21T21:25:10 IST" duration-ms="93">
    <groups>
    </groups>
    <test started-at="2025-03-21T21:25:10 IST" name="Default test" finished-at="2025-03-21T21:25:10 IST" duration-ms="93">
      <class name="testngDemo.Demo4">
        <test-method is-config="true" signature="beforeTest()[pri:0, instance:testngDemo.Demo4@6150c3ec]" started-at="2025-03-21T21:25:10 IST" name="beforeTest" finished-at="2025-03-21T21:25:10 IST" duration-ms="19" status="PASS">
          <reporter-output>
          </reporter-output>
        </test-method> <!-- beforeTest -->
        <test-method signature="AssertionExample()[pri:0, instance:testngDemo.Demo4@6150c3ec]" started-at="2025-03-21T21:25:10 IST" name="AssertionExample" finished-at="2025-03-21T21:25:10 IST" duration-ms="11" status="PASS">
          <reporter-output>
          </reporter-output>
        </test-method> <!-- AssertionExample -->
        <test-method is-config="true" signature="afterTest()[pri:0, instance:testngDemo.Demo4@6150c3ec]" started-at="2025-03-21T21:25:10 IST" name="afterTest" finished-at="2025-03-21T21:25:10 IST" duration-ms="1" status="PASS">
          <reporter-output>
          </reporter-output>
        </test-method> <!-- afterTest -->
      </class> <!-- testngDemo.Demo4 -->
    </test> <!-- Default test -->
  </suite> <!-- Default suite -->
</testng-results>
